[debug] [2019-12-14T23:06:20.625Z] ----------------------------------------------------------------------
[debug] [2019-12-14T23:06:20.626Z] Command:       /usr/local/bin/node /Users/victormath12/.npm-global/bin/firebase serve --only functions
[debug] [2019-12-14T23:06:20.627Z] CLI Version:   7.10.0
[debug] [2019-12-14T23:06:20.627Z] Platform:      darwin
[debug] [2019-12-14T23:06:20.627Z] Node Version:  v10.15.0
[debug] [2019-12-14T23:06:20.628Z] Time:          Sat Dec 14 2019 21:06:20 GMT-0200 (GMT-02:00)
[debug] [2019-12-14T23:06:20.628Z] ----------------------------------------------------------------------
[debug] [2019-12-14T23:06:20.628Z] 
[debug] [2019-12-14T23:06:20.635Z] > command requires scopes: ["email","openid","https://www.googleapis.com/auth/cloudplatformprojects.readonly","https://www.googleapis.com/auth/firebase","https://www.googleapis.com/auth/cloud-platform"]
[debug] [2019-12-14T23:06:20.636Z] > authorizing via signed-in user
[debug] [2019-12-14T23:06:20.636Z] [iam] checking project prevpay for permissions ["firebase.projects.get"]
[debug] [2019-12-14T23:06:20.637Z] >>> HTTP REQUEST POST https://cloudresourcemanager.googleapis.com/v1/projects/prevpay:testIamPermissions  

[debug] [2019-12-14T23:06:21.682Z] <<< HTTP RESPONSE 200
[debug] [2019-12-14T23:06:21.684Z] >>> HTTP REQUEST GET https://firebase.googleapis.com/v1beta1/projects/prevpay  
 
[debug] [2019-12-14T23:06:23.013Z] <<< HTTP RESPONSE 200
[warn] ⚠  Your requested "node" version "8" doesn't match your global version "10"
[info] ✔  functions: Emulator started at http://localhost:5000
[info] i  functions: Watching "/Users/victormath12/Documents/Projects/prevpay/functions" for Cloud Functions...
[debug] [2019-12-14T23:06:23.302Z] [worker-~diagnostic~-491a92ed-5497-4dce-83c6-590810af54e9]: Assigning socketPath: /var/folders/ct/7hb35g3n0gx7d4mt7tpsr88w0000gn/T/fire_emu_84106.sock
[debug] [2019-12-14T23:06:23.303Z] [worker-~diagnostic~-491a92ed-5497-4dce-83c6-590810af54e9]: BUSY
[debug] [2019-12-14T23:06:23.576Z] [runtime-status] [84106] Functions runtime initialized. {"cwd":"/Users/victormath12/Documents/Projects/prevpay/functions","node_version":"10.15.0"}
[debug] [2019-12-14T23:06:23.577Z] [runtime-status] [84106] Disabled runtime features: {"functions_config_helper":true,"network_filtering":true,"timeout":true,"memory_limiting":true,"admin_stubs":true,"pubsub_emulator":true}
[debug] [2019-12-14T23:06:23.582Z] [runtime-status] [84106] Resolved module firebase-admin {"declared":true,"installed":true,"version":"8.8.0","resolution":"/Users/victormath12/Documents/Projects/prevpay/functions/node_modules/firebase-admin/lib/index.js"}
[debug] [2019-12-14T23:06:23.584Z] [runtime-status] [84106] Resolved module firebase-functions {"declared":true,"installed":true,"version":"3.3.0","resolution":"/Users/victormath12/Documents/Projects/prevpay/functions/node_modules/firebase-functions/lib/index.js"}
[debug] [2019-12-14T23:06:23.584Z] [runtime-status] [84106] Resolved module firebase-functions {"declared":true,"installed":true,"version":"3.3.0","resolution":"/Users/victormath12/Documents/Projects/prevpay/functions/node_modules/firebase-functions/lib/index.js"}
[debug] [2019-12-14T23:06:23.678Z] [worker-~diagnostic~-491a92ed-5497-4dce-83c6-590810af54e9]: exited
[debug] [2019-12-14T23:06:23.678Z] [worker-~diagnostic~-491a92ed-5497-4dce-83c6-590810af54e9]: FINISHED
